<?xml version="1.0" encoding="UTF-8"?>
<!-- Generated by org.testng.reporters.JUnitReportReporter -->
<testsuite hostname="LAPTOP-K6DCR1DD" name="com.Shopcartt.qa.Tests.Product_addNewProductTestCase" tests="1" failures="0" timestamp="8 May 2019 12:03:50 GMT" time="37.225" errors="0">
  <testcase name="TestNewProductInformation" time="37.225" classname="com.Shopcartt.qa.Tests.Product_addNewProductTestCase"/>
</testsuite> <!-- com.Shopcartt.qa.Tests.Product_addNewProductTestCase -->
