<?xml version="1.0" encoding="UTF-8"?>
<!-- Generated by org.testng.reporters.JUnitReportReporter -->
<testsuite hostname="LAPTOP-K6DCR1DD" name="com.Shopcartt.qa.Tests.Catalog_ProductsTestCases" tests="19" failures="0" timestamp="8 May 2019 10:13:16 GMT" time="350.319" errors="0">
  <testcase name="TestProducts_RecommendedModulesAndServicesTextDisplayed" time="19.956" classname="com.Shopcartt.qa.Tests.Catalog_ProductsTestCases"/>
  <testcase name="TestProducts_AddNewProductButtonClick" time="23.347" classname="com.Shopcartt.qa.Tests.Catalog_ProductsTestCases"/>
  <testcase name="TestProducts_RecommendedModulesAndServicesButtonColor" time="16.816" classname="com.Shopcartt.qa.Tests.Catalog_ProductsTestCases"/>
  <testcase name="TestProducts_ProductsDisplayed" time="17.735" classname="com.Shopcartt.qa.Tests.Catalog_ProductsTestCases"/>
  <testcase name="TestProducts_CatalogText" time="16.222" classname="com.Shopcartt.qa.Tests.Catalog_ProductsTestCases"/>
  <testcase name="TestProducts_AddNewProductButtonDisplayed" time="16.484" classname="com.Shopcartt.qa.Tests.Catalog_ProductsTestCases"/>
  <testcase name="TestProducts_AddNewProductButtonColor" time="15.804" classname="com.Shopcartt.qa.Tests.Catalog_ProductsTestCases"/>
  <testcase name="TestProducts_RecommendedModulesAndServicesText" time="17.360" classname="com.Shopcartt.qa.Tests.Catalog_ProductsTestCases"/>
  <testcase name="TestProducts_PageTitleDisplayed" time="15.568" classname="com.Shopcartt.qa.Tests.Catalog_ProductsTestCases"/>
  <testcase name="TestProducts_CatalogDisplayed" time="17.998" classname="com.Shopcartt.qa.Tests.Catalog_ProductsTestCases"/>
  <testcase name="TestProducts_AddNewProductTextClick" time="20.266" classname="com.Shopcartt.qa.Tests.Catalog_ProductsTestCases"/>
  <testcase name="TestProducts_RecommendedModulesAndServicesButtonDisplayed" time="20.388" classname="com.Shopcartt.qa.Tests.Catalog_ProductsTestCases"/>
  <testcase name="TestProducts_ProductsText" time="14.651" classname="com.Shopcartt.qa.Tests.Catalog_ProductsTestCases"/>
  <testcase name="TestProducts_AddNewProductText" time="20.148" classname="com.Shopcartt.qa.Tests.Catalog_ProductsTestCases"/>
  <testcase name="TestProductsTitle" time="18.031" classname="com.Shopcartt.qa.Tests.Catalog_ProductsTestCases"/>
  <testcase name="TestProducts_CatalogClick" time="21.528" classname="com.Shopcartt.qa.Tests.Catalog_ProductsTestCases"/>
  <testcase name="TestProducts_ProductsClick" time="21.888" classname="com.Shopcartt.qa.Tests.Catalog_ProductsTestCases"/>
  <testcase name="TestProducts_RecommendedModulesAndServicesTextClick" time="16.313" classname="com.Shopcartt.qa.Tests.Catalog_ProductsTestCases"/>
  <testcase name="TestProducts_AddNewProductTextDisplayed" time="19.816" classname="com.Shopcartt.qa.Tests.Catalog_ProductsTestCases"/>
</testsuite> <!-- com.Shopcartt.qa.Tests.Catalog_ProductsTestCases -->
