<?xml version="1.0" encoding="UTF-8"?>
<!-- Generated by org.testng.reporters.JUnitReportReporter -->
<testsuite hostname="LAPTOP-K6DCR1DD" name="com.Shopcartt.qa.Tests.LoginPageTestCases" tests="45" failures="0" timestamp="8 May 2019 10:13:16 GMT" time="351.241" errors="0">
  <testcase name="TestCopyRightText" time="6.280" classname="com.Shopcartt.qa.Tests.LoginPageTestCases"/>
  <testcase name="TestfacebookDisplayed" time="7.275" classname="com.Shopcartt.qa.Tests.LoginPageTestCases"/>
  <testcase name="TesttwitterDisplayed" time="8.660" classname="com.Shopcartt.qa.Tests.LoginPageTestCases"/>
  <testcase name="TestInvalidEmail_CorrectPassword" time="6.728" classname="com.Shopcartt.qa.Tests.LoginPageTestCases"/>
  <testcase name="TestShopcarttVersionText" time="6.716" classname="com.Shopcartt.qa.Tests.LoginPageTestCases"/>
  <testcase name="TestEmailPlaceHolder" time="6.668" classname="com.Shopcartt.qa.Tests.LoginPageTestCases"/>
  <testcase name="TestforgetPasswordClick" time="10.121" classname="com.Shopcartt.qa.Tests.LoginPageTestCases"/>
  <testcase name="TestCopyRightDisplayed" time="6.045" classname="com.Shopcartt.qa.Tests.LoginPageTestCases"/>
  <testcase name="TestLogInButtonColor" time="8.400" classname="com.Shopcartt.qa.Tests.LoginPageTestCases"/>
  <testcase name="TestCopyRightClick" time="7.212" classname="com.Shopcartt.qa.Tests.LoginPageTestCases"/>
  <testcase name="TestShopcarttVersion" time="8.871" classname="com.Shopcartt.qa.Tests.LoginPageTestCases"/>
  <testcase name="TestBlankLogin" time="8.453" classname="com.Shopcartt.qa.Tests.LoginPageTestCases"/>
  <testcase name="TestCorrectEmail_PasswordMorethan4" time="6.902" classname="com.Shopcartt.qa.Tests.LoginPageTestCases"/>
  <testcase name="TestCheckStayLoggedInDisplay" time="6.674" classname="com.Shopcartt.qa.Tests.LoginPageTestCases"/>
  <testcase name="TestStayLoggedInText" time="6.403" classname="com.Shopcartt.qa.Tests.LoginPageTestCases"/>
  <testcase name="TestforgetPasswordDisplayed" time="6.958" classname="com.Shopcartt.qa.Tests.LoginPageTestCases"/>
  <testcase name="TesttwitterClick" time="15.491" classname="com.Shopcartt.qa.Tests.LoginPageTestCases"/>
  <testcase name="TestInvalidEmail_Password" time="6.937" classname="com.Shopcartt.qa.Tests.LoginPageTestCases"/>
  <testcase name="TestCorrectEmail_4DigitPassword" time="6.917" classname="com.Shopcartt.qa.Tests.LoginPageTestCases"/>
  <testcase name="TestLogInButtonText" time="7.614" classname="com.Shopcartt.qa.Tests.LoginPageTestCases"/>
  <testcase name="TestfacebookColor" time="6.487" classname="com.Shopcartt.qa.Tests.LoginPageTestCases"/>
  <testcase name="TestgithubColor" time="8.007" classname="com.Shopcartt.qa.Tests.LoginPageTestCases"/>
  <testcase name="TestShopcarttLoginPage" time="5.943" classname="com.Shopcartt.qa.Tests.LoginPageTestCases"/>
  <testcase name="TestBlankEmail_InvalidPassword" time="8.064" classname="com.Shopcartt.qa.Tests.LoginPageTestCases"/>
  <testcase name="TestCorrectEmailFormat_BlankPassword" time="7.093" classname="com.Shopcartt.qa.Tests.LoginPageTestCases"/>
  <testcase name="TestCorrectEmail_InValidPassword" time="7.804" classname="com.Shopcartt.qa.Tests.LoginPageTestCases"/>
  <testcase name="TestCheckBoxSelected" time="7.439" classname="com.Shopcartt.qa.Tests.LoginPageTestCases"/>
  <testcase name="TestShopcarttPageHeading" time="6.949" classname="com.Shopcartt.qa.Tests.LoginPageTestCases"/>
  <testcase name="TestCorrectEmailFormat_CorrectPassword" time="10.055" classname="com.Shopcartt.qa.Tests.LoginPageTestCases"/>
  <testcase name="TestInvalidEmail_BlankPassword" time="6.594" classname="com.Shopcartt.qa.Tests.LoginPageTestCases"/>
  <testcase name="TestCorrectEmail_BlankPassword" time="7.393" classname="com.Shopcartt.qa.Tests.LoginPageTestCases"/>
  <testcase name="TestgooglePlusColor" time="6.641" classname="com.Shopcartt.qa.Tests.LoginPageTestCases"/>
  <testcase name="TestShopcarttName" time="9.614" classname="com.Shopcartt.qa.Tests.LoginPageTestCases"/>
  <testcase name="TestShopcarttImg" time="7.829" classname="com.Shopcartt.qa.Tests.LoginPageTestCases"/>
  <testcase name="TestforgetPasswordText" time="6.410" classname="com.Shopcartt.qa.Tests.LoginPageTestCases"/>
  <testcase name="TestBlankEmail_CorrectPass" time="7.706" classname="com.Shopcartt.qa.Tests.LoginPageTestCases"/>
  <testcase name="TestfacebookClick" time="10.378" classname="com.Shopcartt.qa.Tests.LoginPageTestCases"/>
  <testcase name="TestgithubDisplayed" time="7.242" classname="com.Shopcartt.qa.Tests.LoginPageTestCases"/>
  <testcase name="TestgooglePlusClick" time="11.590" classname="com.Shopcartt.qa.Tests.LoginPageTestCases"/>
  <testcase name="TestgooglePlusDisplayed" time="6.176" classname="com.Shopcartt.qa.Tests.LoginPageTestCases"/>
  <testcase name="TestgithubClick" time="14.202" classname="com.Shopcartt.qa.Tests.LoginPageTestCases"/>
  <testcase name="TestPasswordPlaceHolder" time="5.754" classname="com.Shopcartt.qa.Tests.LoginPageTestCases"/>
  <testcase name="TestCorrectLogin" time="7.554" classname="com.Shopcartt.qa.Tests.LoginPageTestCases"/>
  <testcase name="TesttwitterColor" time="6.756" classname="com.Shopcartt.qa.Tests.LoginPageTestCases"/>
  <testcase name="TestCheckBoxNotSelected" time="6.236" classname="com.Shopcartt.qa.Tests.LoginPageTestCases"/>
</testsuite> <!-- com.Shopcartt.qa.Tests.LoginPageTestCases -->
