<?xml version="1.0" encoding="UTF-8"?>
<!-- Generated by org.testng.reporters.JUnitReportReporter -->
<testsuite hostname="LAPTOP-K6DCR1DD" name="com.Shopcartt.qa.Tests.Catalog_CatagoriesTestCases" tests="10" failures="0" timestamp="8 May 2019 10:13:16 GMT" time="195.365" errors="0">
  <testcase name="TestCategories_AddNewCategoryButtonClick" time="23.685" classname="com.Shopcartt.qa.Tests.Catalog_CatagoriesTestCases"/>
  <testcase name="TestgetCatagoriesTitle" time="16.985" classname="com.Shopcartt.qa.Tests.Catalog_CatagoriesTestCases"/>
  <testcase name="TestCategories_AddNewCategoryButtonDisplayed" time="16.245" classname="com.Shopcartt.qa.Tests.Catalog_CatagoriesTestCases"/>
  <testcase name="TestCategories_AddNewCategoryTextClick" time="28.794" classname="com.Shopcartt.qa.Tests.Catalog_CatagoriesTestCases"/>
  <testcase name="TestCategories_AddNewCategoryButtonColor" time="22.470" classname="com.Shopcartt.qa.Tests.Catalog_CatagoriesTestCases"/>
  <testcase name="TestCategories_CategoriesDisplayed" time="17.448" classname="com.Shopcartt.qa.Tests.Catalog_CatagoriesTestCases"/>
  <testcase name="TestCategories_AddNewCategoryTextDisplayed" time="17.309" classname="com.Shopcartt.qa.Tests.Catalog_CatagoriesTestCases"/>
  <testcase name="TestCategories_AddNewCategoryText" time="18.010" classname="com.Shopcartt.qa.Tests.Catalog_CatagoriesTestCases"/>
  <testcase name="TestCategories_CategoriesText" time="18.029" classname="com.Shopcartt.qa.Tests.Catalog_CatagoriesTestCases"/>
  <testcase name="TestCategories_CategoriesTitleDisplayed" time="16.390" classname="com.Shopcartt.qa.Tests.Catalog_CatagoriesTestCases"/>
</testsuite> <!-- com.Shopcartt.qa.Tests.Catalog_CatagoriesTestCases -->
